TN:
SF:src\modules\finanzas\bancos\bancos.service.ts
FN:7,(anonymous_2)
FN:9,(anonymous_3)
FN:73,(anonymous_4)
FN:95,(anonymous_5)
FN:123,(anonymous_6)
FN:202,(anonymous_7)
FN:296,(anonymous_8)
FN:427,(anonymous_9)
FN:458,(anonymous_10)
FN:483,(anonymous_11)
FN:488,(anonymous_12)
FN:501,(anonymous_13)
FN:514,(anonymous_14)
FN:587,(anonymous_15)
FN:601,(anonymous_16)
FN:615,(anonymous_17)
FN:624,(anonymous_18)
FN:635,(anonymous_19)
FN:644,(anonymous_20)
FNF:19
FNH:19
FNDA:26,(anonymous_2)
FNDA:4,(anonymous_3)
FNDA:3,(anonymous_4)
FNDA:3,(anonymous_5)
FNDA:3,(anonymous_6)
FNDA:3,(anonymous_7)
FNDA:9,(anonymous_8)
FNDA:3,(anonymous_9)
FNDA:5,(anonymous_10)
FNDA:1,(anonymous_11)
FNDA:5,(anonymous_12)
FNDA:5,(anonymous_13)
FNDA:2,(anonymous_14)
FNDA:2,(anonymous_15)
FNDA:2,(anonymous_16)
FNDA:2,(anonymous_17)
FNDA:2,(anonymous_18)
FNDA:3,(anonymous_19)
FNDA:20,(anonymous_20)
DA:1,1
DA:2,1
DA:6,1
DA:7,26
DA:14,4
DA:17,4
DA:24,4
DA:25,2
DA:31,2
DA:32,2
DA:34,2
DA:35,0
DA:41,2
DA:56,2
DA:62,2
DA:63,0
DA:64,0
DA:67,2
DA:76,3
DA:78,3
DA:84,3
DA:85,1
DA:86,1
DA:89,2
DA:99,3
DA:101,3
DA:108,3
DA:109,1
DA:110,1
DA:113,2
DA:114,1
DA:117,1
DA:129,3
DA:132,3
DA:139,3
DA:140,0
DA:141,0
DA:144,3
DA:145,1
DA:149,2
DA:150,1
DA:158,1
DA:159,1
DA:166,1
DA:171,0
DA:177,1
DA:183,1
DA:191,1
DA:192,0
DA:193,0
DA:196,1
DA:207,3
DA:210,3
DA:217,3
DA:218,0
DA:219,0
DA:222,3
DA:223,1
DA:227,2
DA:234,2
DA:235,1
DA:238,2
DA:239,1
DA:242,2
DA:243,1
DA:246,2
DA:247,0
DA:251,2
DA:252,2
DA:253,2
DA:255,2
DA:260,2
DA:262,2
DA:263,0
DA:264,0
DA:267,2
DA:301,9
DA:304,9
DA:305,2
DA:309,7
DA:316,7
DA:317,0
DA:318,0
DA:321,7
DA:322,1
DA:325,6
DA:326,2
DA:330,4
DA:331,2
DA:338,2
DA:339,2
DA:344,2
DA:347,2
DA:349,1
DA:352,1
DA:356,1
DA:357,0
DA:364,2
DA:380,2
DA:386,2
DA:387,0
DA:388,0
DA:392,2
DA:401,2
DA:402,0
DA:405,0
DA:410,0
DA:413,2
DA:430,3
DA:433,3
DA:440,3
DA:441,0
DA:442,0
DA:445,3
DA:446,1
DA:458,2
DA:459,5
DA:461,5
DA:462,3
DA:471,5
DA:472,5
DA:474,5
DA:475,4
DA:476,4
DA:479,5
DA:483,2
DA:484,1
DA:488,5
DA:500,2
DA:501,5
DA:503,2
DA:519,2
DA:522,2
DA:529,2
DA:530,0
DA:531,0
DA:534,2
DA:535,1
DA:539,1
DA:546,1
DA:547,0
DA:550,1
DA:551,0
DA:554,1
DA:555,0
DA:558,1
DA:559,0
DA:563,1
DA:567,1
DA:569,1
DA:570,0
DA:571,0
DA:575,1
DA:587,2
DA:599,1
DA:601,2
DA:605,1
DA:606,1
DA:608,1
DA:616,2
DA:617,2
DA:625,2
DA:626,2
DA:636,3
DA:638,3
DA:639,0
DA:641,3
DA:645,20
LF:168
LH:136
BRDA:24,0,0,2
BRDA:24,0,1,2
BRDA:31,1,0,2
BRDA:31,1,1,1
BRDA:32,2,0,2
BRDA:32,2,1,1
BRDA:34,3,0,0
BRDA:34,3,1,2
BRDA:34,4,0,2
BRDA:34,4,1,2
BRDA:46,5,0,2
BRDA:46,5,1,1
BRDA:47,6,0,2
BRDA:47,6,1,1
BRDA:50,7,0,2
BRDA:50,7,1,1
BRDA:62,8,0,0
BRDA:62,8,1,2
BRDA:84,9,0,1
BRDA:84,9,1,2
BRDA:91,10,0,2
BRDA:91,10,1,0
BRDA:108,11,0,1
BRDA:108,11,1,2
BRDA:113,12,0,1
BRDA:113,12,1,1
BRDA:139,13,0,0
BRDA:139,13,1,3
BRDA:144,14,0,1
BRDA:144,14,1,2
BRDA:149,15,0,1
BRDA:149,15,1,1
BRDA:149,16,0,2
BRDA:149,16,1,1
BRDA:158,17,0,1
BRDA:158,17,1,0
BRDA:166,18,0,0
BRDA:166,18,1,1
BRDA:167,19,0,1
BRDA:167,19,1,0
BRDA:167,19,2,0
BRDA:191,20,0,0
BRDA:191,20,1,1
BRDA:217,21,0,0
BRDA:217,21,1,3
BRDA:222,22,0,1
BRDA:222,22,1,2
BRDA:234,23,0,1
BRDA:234,23,1,1
BRDA:238,24,0,1
BRDA:238,24,1,1
BRDA:242,25,0,1
BRDA:242,25,1,1
BRDA:246,26,0,0
BRDA:246,26,1,2
BRDA:251,27,0,2
BRDA:251,27,1,0
BRDA:252,28,0,2
BRDA:252,28,1,0
BRDA:262,29,0,0
BRDA:262,29,1,2
BRDA:269,30,0,2
BRDA:269,30,1,0
BRDA:273,31,0,2
BRDA:273,31,1,0
BRDA:274,32,0,2
BRDA:274,32,1,0
BRDA:304,33,0,2
BRDA:304,33,1,7
BRDA:316,34,0,0
BRDA:316,34,1,7
BRDA:321,35,0,1
BRDA:321,35,1,6
BRDA:325,36,0,2
BRDA:325,36,1,4
BRDA:330,37,0,2
BRDA:330,37,1,2
BRDA:338,38,0,2
BRDA:338,38,1,0
BRDA:338,39,0,2
BRDA:338,39,1,2
BRDA:347,40,0,1
BRDA:347,40,1,1
BRDA:356,41,0,0
BRDA:356,41,1,1
BRDA:356,42,0,1
BRDA:356,42,1,1
BRDA:371,43,0,2
BRDA:371,43,1,2
BRDA:372,44,0,2
BRDA:372,44,1,2
BRDA:373,45,0,2
BRDA:373,45,1,2
BRDA:376,46,0,2
BRDA:376,46,1,2
BRDA:386,47,0,0
BRDA:386,47,1,2
BRDA:401,48,0,0
BRDA:401,48,1,2
BRDA:440,49,0,0
BRDA:440,49,1,3
BRDA:445,50,0,1
BRDA:445,50,1,2
BRDA:445,51,0,3
BRDA:445,51,1,3
BRDA:461,52,0,3
BRDA:461,52,1,2
BRDA:474,53,0,4
BRDA:474,53,1,1
BRDA:529,54,0,0
BRDA:529,54,1,2
BRDA:534,55,0,1
BRDA:534,55,1,1
BRDA:546,56,0,0
BRDA:546,56,1,1
BRDA:550,57,0,0
BRDA:550,57,1,1
BRDA:554,58,0,0
BRDA:554,58,1,1
BRDA:558,59,0,0
BRDA:558,59,1,1
BRDA:569,60,0,0
BRDA:569,60,1,1
BRDA:587,61,0,1
BRDA:587,61,1,0
BRDA:591,62,0,1
BRDA:591,62,1,1
BRDA:592,63,0,1
BRDA:592,63,1,1
BRDA:593,64,0,2
BRDA:593,64,1,0
BRDA:595,65,0,1
BRDA:595,65,1,1
BRDA:636,66,0,0
BRDA:636,66,1,3
BRDA:638,67,0,0
BRDA:638,67,1,3
BRDA:638,68,0,3
BRDA:638,68,1,3
BRDA:638,68,2,3
BRDA:7,69,0,1
BRDA:7,69,1,0
BRDA:7,70,0,1
BRDA:7,70,1,1
BRF:144
BRH:110
end_of_record
